Determining if the pthread_create exist failed with the following output:
Change Dir: /home/shw/catkin_CICV/src/CICV-Contest/build/CMakeFiles/CMakeTmp

Run Build Command:"/usr/bin/ninja" "cmTC_83905"
[1/2] Building C object CMakeFiles/cmTC_83905.dir/CheckSymbolExists.c.o
[2/2] Linking C executable cmTC_83905
FAILED: cmTC_83905 
: && /usr/bin/cc   -rdynamic CMakeFiles/cmTC_83905.dir/CheckSymbolExists.c.o  -o cmTC_83905   && :
CMakeFiles/cmTC_83905.dir/CheckSymbolExists.c.o：在函数‘main’中：
CheckSymbolExists.c:(.text+0x1b)：对‘pthread_create’未定义的引用
collect2: error: ld returned 1 exit status
ninja: build stopped: subcommand failed.

File /home/shw/catkin_CICV/src/CICV-Contest/build/CMakeFiles/CMakeTmp/CheckSymbolExists.c:
/* */
#include <pthread.h>

int main(int argc, char** argv)
{
  (void)argv;
#ifndef pthread_create
  return ((int*)(&pthread_create))[argc];
#else
  (void)argc;
  return 0;
#endif
}

Determining if the function pthread_create exists in the pthreads failed with the following output:
Change Dir: /home/shw/catkin_CICV/src/CICV-Contest/build/CMakeFiles/CMakeTmp

Run Build Command:"/usr/bin/ninja" "cmTC_12f43"
[1/2] Building C object CMakeFiles/cmTC_12f43.dir/CheckFunctionExists.c.o
[2/2] Linking C executable cmTC_12f43
FAILED: cmTC_12f43 
: && /usr/bin/cc -DCHECK_FUNCTION_EXISTS=pthread_create  -rdynamic CMakeFiles/cmTC_12f43.dir/CheckFunctionExists.c.o  -o cmTC_12f43  -lpthreads && :
/usr/bin/ld: 找不到 -lpthreads
collect2: error: ld returned 1 exit status
ninja: build stopped: subcommand failed.


